<?xml version="1.0" encoding="UTF-8"?>
<!-- Generated by org.testng.reporters.JUnitReportReporter -->
<testsuite hostname="DESKTOP-HOF3APB" failures="0" tests="2" name="test.LoginTest" time="15.561" errors="0" timestamp="2024-02-10T14:06:41 CST" skipped="0">
  <testcase classname="test.LoginTest" name="validateLoginPageErrorMsgs" time="3.280"/>
  <testcase classname="test.LoginTest" name="validUserShouldBeAbleToLogin" time="12.281"/>
</testsuite> <!-- test.LoginTest -->
