<?xml version="1.0" encoding="UTF-8"?>
<!-- Generated by org.testng.reporters.JUnitReportReporter -->
<testsuite hostname="DESKTOP-HOF3APB" failures="0" tests="1" name="test.NewCustomerTest" time="72.342" errors="0" timestamp="2024-02-10T14:06:41 CST" skipped="0">
  <testcase classname="test.NewCustomerTest" name="userShouldBeAbleToAddNewCustomer" time="72.342"/>
</testsuite> <!-- test.NewCustomerTest -->
