<?xml version="1.0" encoding="UTF-8"?>
<!-- Generated by org.testng.reporters.JUnitReportReporter -->
<testsuite hostname="DESKTOP-HOF3APB" failures="0" tests="1" name="test.ListCustomerTest" time="73.917" errors="0" timestamp="2024-02-10T14:06:41 CST" skipped="0">
  <testcase classname="test.ListCustomerTest" name="userShouldBeAbleToEditCustomer" time="73.917"/>
</testsuite> <!-- test.ListCustomerTest -->
